<?xml version="1.0" encoding="UTF-8"?>
<coverage generated="1690368959655" clover="3.2.0">
  <project timestamp="1690368959656" name="All files">
    <metrics statements="14" coveredstatements="14" conditionals="4" coveredconditionals="4" methods="13" coveredmethods="7" elements="31" coveredelements="25" complexity="0" loc="14" ncloc="14" packages="1" files="3" classes="3"/>
    <file name="add.ts" path="/home/albert/Escritorio/itAcademy/prueba8node/prueba8/src/add.ts">
      <metrics statements="3" coveredstatements="3" conditionals="0" coveredconditionals="0" methods="1" coveredmethods="1"/>
      <line num="4" count="1" type="stmt"/>
      <line num="5" count="1" type="stmt"/>
      <line num="11" count="1" type="stmt"/>
    </file>
    <file name="remove.ts" path="/home/albert/Escritorio/itAcademy/prueba8node/prueba8/src/remove.ts">
      <metrics statements="6" coveredstatements="6" conditionals="2" coveredconditionals="2" methods="6" coveredmethods="3"/>
      <line num="4" count="1" type="stmt"/>
      <line num="6" count="1" type="stmt"/>
      <line num="8" count="2" type="stmt"/>
      <line num="9" count="2" type="stmt"/>
      <line num="12" count="1" type="stmt"/>
      <line num="20" count="3" type="cond" truecount="2" falsecount="0"/>
    </file>
    <file name="title.ts" path="/home/albert/Escritorio/itAcademy/prueba8node/prueba8/src/title.ts">
      <metrics statements="5" coveredstatements="5" conditionals="2" coveredconditionals="2" methods="6" coveredmethods="3"/>
      <line num="2" count="1" type="stmt"/>
      <line num="3" count="1" type="stmt"/>
      <line num="4" count="3" type="stmt"/>
      <line num="8" count="1" type="stmt"/>
      <line num="15" count="9" type="cond" truecount="2" falsecount="0"/>
    </file>
  </project>
</coverage>
