<?xml version="1.0" encoding="UTF-8"?>
<coverage generated="1690539204950" clover="3.2.0">
  <project timestamp="1690539204950" name="All files">
    <metrics statements="14" coveredstatements="12" conditionals="4" coveredconditionals="4" methods="13" coveredmethods="7" elements="31" coveredelements="23" complexity="0" loc="14" ncloc="14" packages="1" files="4" classes="4"/>
    <file name="add.ts" path="/home/albert/Escritorio/itAcademy/prueba8node/prueba8/src/add.ts">
      <metrics statements="3" coveredstatements="3" conditionals="0" coveredconditionals="0" methods="1" coveredmethods="1"/>
      <line num="4" count="1" type="stmt"/>
      <line num="5" count="1" type="stmt"/>
      <line num="11" count="1" type="stmt"/>
    </file>
    <file name="index.ts" path="/home/albert/Escritorio/itAcademy/prueba8node/prueba8/src/index.ts">
      <metrics statements="2" coveredstatements="0" conditionals="0" coveredconditionals="0" methods="0" coveredmethods="0"/>
      <line num="2" count="0" type="stmt"/>
      <line num="6" count="0" type="stmt"/>
    </file>
    <file name="remove.ts" path="/home/albert/Escritorio/itAcademy/prueba8node/prueba8/src/remove.ts">
      <metrics statements="6" coveredstatements="6" conditionals="2" coveredconditionals="2" methods="6" coveredmethods="3"/>
      <line num="4" count="1" type="stmt"/>
      <line num="6" count="1" type="stmt"/>
      <line num="8" count="2" type="stmt"/>
      <line num="9" count="2" type="stmt"/>
      <line num="12" count="1" type="stmt"/>
      <line num="20" count="3" type="cond" truecount="2" falsecount="0"/>
    </file>
    <file name="title.ts" path="/home/albert/Escritorio/itAcademy/prueba8node/prueba8/src/title.ts">
      <metrics statements="3" coveredstatements="3" conditionals="2" coveredconditionals="2" methods="6" coveredmethods="3"/>
      <line num="2" count="1" type="stmt"/>
      <line num="3" count="2" type="stmt"/>
      <line num="13" count="6" type="cond" truecount="2" falsecount="0"/>
    </file>
  </project>
</coverage>
