{"/home/albert/Escritorio/itAcademy/prueba8node/prueba8/src/add.ts": {"path":"/home/albert/Escritorio/itAcademy/prueba8node/prueba8/src/add.ts","statementMap":{"0":{"start":{"line":5,"column":29},"end":{"line":8,"column":null}},"1":{"start":{"line":11,"column":4},"end":{"line":11,"column":19}},"2":{"start":{"line":4,"column":1},"end":{"line":4,"column":25}}},"fnMap":{"0":{"name":"addTask","decl":{"start":{"line":4,"column":25},"end":{"line":4,"column":32}},"loc":{"start":{"line":4,"column":44},"end":{"line":13,"column":2}}}},"branchMap":{},"s":{"0":1,"1":1,"2":1},"f":{"0":1},"b":{}}
,"/home/albert/Escritorio/itAcademy/prueba8node/prueba8/src/remove.ts": {"path":"/home/albert/Escritorio/itAcademy/prueba8node/prueba8/src/remove.ts","statementMap":{"0":{"start":{"line":4,"column":27},"end":{"line":4,"column":73}},"1":{"start":{"line":8,"column":4},"end":{"line":8,"column":29}},"2":{"start":{"line":9,"column":4},"end":{"line":9,"column":19}},"3":{"start":{"line":6,"column":0},"end":{"line":6,"column":24}},"4":{"start":{"line":12,"column":20},"end":{"line":12,"column":86}},"5":{"start":{"line":20,"column":38},"end":{"line":20,"column":36671}},"6":{"start":{"line":20,"column":42},"end":{"line":20,"column":36660}},"7":{"start":{"line":20,"column":36697},"end":{"line":20,"column":36707}},"8":{"start":{"line":20,"column":36709},"end":{"line":20,"column":36749}},"9":{"start":{"line":20,"column":36713},"end":{"line":20,"column":36738}},"10":{"start":{"line":20,"column":36750},"end":{"line":20,"column":36759}},"11":{"start":{"line":20,"column":36760},"end":{"line":20,"column":36766}},"12":{"start":{"line":20,"column":36790},"end":{"line":20,"column":36800}},"13":{"start":{"line":20,"column":36802},"end":{"line":20,"column":36844}},"14":{"start":{"line":20,"column":36806},"end":{"line":20,"column":36833}},"15":{"start":{"line":20,"column":36845},"end":{"line":20,"column":36854}},"16":{"start":{"line":20,"column":36855},"end":{"line":20,"column":36861}},"17":{"start":{"line":20,"column":36878},"end":{"line":20,"column":36915}},"18":{"start":{"line":20,"column":36882},"end":{"line":20,"column":36904}},"19":{"start":{"line":20,"column":36917},"end":{"line":20,"column":36923}},"20":{"start":{"line":20,"column":36940},"end":{"line":20,"column":36980}},"21":{"start":{"line":20,"column":36944},"end":{"line":20,"column":36969}},"22":{"start":{"line":20,"column":36982},"end":{"line":20,"column":36988}}},"fnMap":{"0":{"name":"removeTask","decl":{"start":{"line":6,"column":24},"end":{"line":6,"column":34}},"loc":{"start":{"line":6,"column":67},"end":{"line":10,"column":1}}},"1":{"name":"oo_cm","decl":{"start":{"line":20,"column":30},"end":{"line":20,"column":35}},"loc":{"start":{"line":20,"column":35},"end":{"line":20,"column":36672}}},"2":{"name":"oo_oo","decl":{"start":{"line":20,"column":36682},"end":{"line":20,"column":36687}},"loc":{"start":{"line":20,"column":36696},"end":{"line":20,"column":36759}}},"3":{"name":"oo_tr","decl":{"start":{"line":20,"column":36775},"end":{"line":20,"column":36780}},"loc":{"start":{"line":20,"column":36789},"end":{"line":20,"column":36854}}},"4":{"name":"oo_ts","decl":{"start":{"line":20,"column":36870},"end":{"line":20,"column":36875}},"loc":{"start":{"line":20,"column":36875},"end":{"line":20,"column":36916}}},"5":{"name":"oo_te","decl":{"start":{"line":20,"column":36932},"end":{"line":20,"column":36937}},"loc":{"start":{"line":20,"column":36937},"end":{"line":20,"column":36981}}}},"branchMap":{"0":{"loc":{"start":{"line":20,"column":49},"end":{"line":20,"column":36659}},"type":"binary-expr","locations":[{"start":{"line":20,"column":49},"end":{"line":20,"column":86}},{"start":{"line":20,"column":90},"end":{"line":20,"column":36659}}]}},"s":{"0":1,"1":2,"2":2,"3":1,"4":1,"5":1,"6":1,"7":3,"8":1,"9":1,"10":1,"11":1,"12":0,"13":0,"14":0,"15":0,"16":1,"17":0,"18":0,"19":1,"20":0,"21":0,"22":1},"f":{"0":2,"1":1,"2":1,"3":0,"4":0,"5":0},"b":{"0":[1,1]}}
,"/home/albert/Escritorio/itAcademy/prueba8node/prueba8/src/title.ts": {"path":"/home/albert/Escritorio/itAcademy/prueba8node/prueba8/src/title.ts","statementMap":{"0":{"start":{"line":2,"column":12},"end":{"line":2,"column":24}},"1":{"start":{"line":4,"column":24},"end":{"line":4,"column":66}},"2":{"start":{"line":3,"column":0},"end":{"line":3,"column":24}},"3":{"start":{"line":8,"column":0},"end":{"line":8,"column":16}},"4":{"start":{"line":15,"column":38},"end":{"line":15,"column":36671}},"5":{"start":{"line":15,"column":42},"end":{"line":15,"column":36660}},"6":{"start":{"line":15,"column":36697},"end":{"line":15,"column":36707}},"7":{"start":{"line":15,"column":36709},"end":{"line":15,"column":36749}},"8":{"start":{"line":15,"column":36713},"end":{"line":15,"column":36738}},"9":{"start":{"line":15,"column":36750},"end":{"line":15,"column":36759}},"10":{"start":{"line":15,"column":36760},"end":{"line":15,"column":36766}},"11":{"start":{"line":15,"column":36790},"end":{"line":15,"column":36800}},"12":{"start":{"line":15,"column":36802},"end":{"line":15,"column":36844}},"13":{"start":{"line":15,"column":36806},"end":{"line":15,"column":36833}},"14":{"start":{"line":15,"column":36845},"end":{"line":15,"column":36854}},"15":{"start":{"line":15,"column":36855},"end":{"line":15,"column":36861}},"16":{"start":{"line":15,"column":36878},"end":{"line":15,"column":36915}},"17":{"start":{"line":15,"column":36882},"end":{"line":15,"column":36904}},"18":{"start":{"line":15,"column":36917},"end":{"line":15,"column":36923}},"19":{"start":{"line":15,"column":36940},"end":{"line":15,"column":36980}},"20":{"start":{"line":15,"column":36944},"end":{"line":15,"column":36969}},"21":{"start":{"line":15,"column":36982},"end":{"line":15,"column":36988}}},"fnMap":{"0":{"name":"putTitle","decl":{"start":{"line":3,"column":24},"end":{"line":3,"column":32}},"loc":{"start":{"line":3,"column":45},"end":{"line":6,"column":1}}},"1":{"name":"oo_cm","decl":{"start":{"line":15,"column":30},"end":{"line":15,"column":35}},"loc":{"start":{"line":15,"column":35},"end":{"line":15,"column":36672}}},"2":{"name":"oo_oo","decl":{"start":{"line":15,"column":36682},"end":{"line":15,"column":36687}},"loc":{"start":{"line":15,"column":36696},"end":{"line":15,"column":36759}}},"3":{"name":"oo_tr","decl":{"start":{"line":15,"column":36775},"end":{"line":15,"column":36780}},"loc":{"start":{"line":15,"column":36789},"end":{"line":15,"column":36854}}},"4":{"name":"oo_ts","decl":{"start":{"line":15,"column":36870},"end":{"line":15,"column":36875}},"loc":{"start":{"line":15,"column":36875},"end":{"line":15,"column":36916}}},"5":{"name":"oo_te","decl":{"start":{"line":15,"column":36932},"end":{"line":15,"column":36937}},"loc":{"start":{"line":15,"column":36937},"end":{"line":15,"column":36981}}}},"branchMap":{"0":{"loc":{"start":{"line":15,"column":49},"end":{"line":15,"column":36659}},"type":"binary-expr","locations":[{"start":{"line":15,"column":49},"end":{"line":15,"column":86}},{"start":{"line":15,"column":90},"end":{"line":15,"column":36659}}]}},"s":{"0":1,"1":3,"2":1,"3":1,"4":3,"5":3,"6":9,"7":3,"8":3,"9":3,"10":1,"11":0,"12":0,"13":0,"14":0,"15":1,"16":0,"17":0,"18":1,"19":0,"20":0,"21":1},"f":{"0":3,"1":3,"2":3,"3":0,"4":0,"5":0},"b":{"0":[3,1]}}
}
