{"/home/albert/Escritorio/itAcademy/prueba8/src/add.ts": {"path":"/home/albert/Escritorio/itAcademy/prueba8/src/add.ts","statementMap":{"0":{"start":{"line":5,"column":29},"end":{"line":8,"column":null}},"1":{"start":{"line":11,"column":4},"end":{"line":11,"column":19}},"2":{"start":{"line":4,"column":1},"end":{"line":4,"column":25}}},"fnMap":{"0":{"name":"addTask","decl":{"start":{"line":4,"column":25},"end":{"line":4,"column":32}},"loc":{"start":{"line":4,"column":44},"end":{"line":13,"column":2}}}},"branchMap":{},"s":{"0":1,"1":1,"2":1},"f":{"0":1},"b":{}}
,"/home/albert/Escritorio/itAcademy/prueba8/src/title.ts": {"path":"/home/albert/Escritorio/itAcademy/prueba8/src/title.ts","statementMap":{"0":{"start":{"line":2,"column":12},"end":{"line":2,"column":24}},"1":{"start":{"line":4,"column":4},"end":{"line":4,"column":23}},"2":{"start":{"line":3,"column":0},"end":{"line":3,"column":24}},"3":{"start":{"line":8,"column":0},"end":{"line":8,"column":16}}},"fnMap":{"0":{"name":"putTitle","decl":{"start":{"line":3,"column":24},"end":{"line":3,"column":32}},"loc":{"start":{"line":3,"column":45},"end":{"line":6,"column":1}}}},"branchMap":{},"s":{"0":1,"1":3,"2":1,"3":1},"f":{"0":3},"b":{}}
}
