TN:
SF:src/add.ts
FN:4,addTask
FNF:1
FNH:1
FNDA:1,addTask
DA:4,1
DA:5,1
DA:11,1
LF:3
LH:3
BRF:0
BRH:0
end_of_record
TN:
SF:src/index.ts
FNF:0
FNH:0
DA:2,0
DA:6,0
LF:2
LH:0
BRF:0
BRH:0
end_of_record
TN:
SF:src/remove.ts
FN:6,removeTask
FN:20,oo_cm
FN:20,oo_oo
FN:20,oo_tr
FN:20,oo_ts
FN:20,oo_te
FNF:6
FNH:3
FNDA:2,removeTask
FNDA:1,oo_cm
FNDA:1,oo_oo
FNDA:0,oo_tr
FNDA:0,oo_ts
FNDA:0,oo_te
DA:4,1
DA:6,1
DA:8,2
DA:9,2
DA:12,1
DA:20,3
LF:6
LH:6
BRDA:20,0,0,1
BRDA:20,0,1,1
BRF:2
BRH:2
end_of_record
TN:
SF:src/title.ts
FN:2,putTitle
FN:13,oo_cm
FN:13,oo_oo
FN:13,oo_tr
FN:13,oo_ts
FN:13,oo_te
FNF:6
FNH:3
FNDA:2,putTitle
FNDA:2,oo_cm
FNDA:2,oo_oo
FNDA:0,oo_tr
FNDA:0,oo_ts
FNDA:0,oo_te
DA:2,1
DA:3,2
DA:13,6
LF:3
LH:3
BRDA:13,0,0,2
BRDA:13,0,1,1
BRF:2
BRH:2
end_of_record
